+-------+-----+-----+-----+--------+---------------------------------------------------------+-------+-------+---------+-------+-------+
| COUNT | 5XX | 4XX | 2XX | METHOD |                           URI                           |  MIN  |  MAX  |   SUM   |  AVG  |  P90  |
+-------+-----+-----+-----+--------+---------------------------------------------------------+-------+-------+---------+-------+-------+
| 68    | 0   | 0   | 68  | GET    | /                                                       | 1.288 | 8.764 | 488.803 | 7.188 | 8.456 |
| 2     | 0   | 0   | 2   | GET    | /posts?max_created_at=2016-01-02T11%3A46%3A25%2B09%3A00 | 7.780 | 8.260 | 16.040  | 8.020 | 8.260 |
| 2     | 0   | 0   | 2   | GET    | /posts?max_created_at=2016-01-02T11%3A46%3A21%2B09%3A00 | 7.276 | 8.120 | 15.396  | 7.698 | 8.120 |
| 1     | 0   | 0   | 1   | GET    | /posts?max_created_at=2016-01-02T11%3A46%3A30%2B09%3A00 | 8.144 | 8.144 | 8.144   | 8.144 | 8.144 |
| 1     | 0   | 0   | 1   | GET    | /posts?max_created_at=2016-01-02T11%3A46%3A29%2B09%3A00 | 7.652 | 7.652 | 7.652   | 7.652 | 7.652 |
| 1     | 0   | 0   | 1   | GET    | /posts?max_created_at=2016-01-02T11%3A46%3A26%2B09%3A00 | 7.420 | 7.420 | 7.420   | 7.420 | 7.420 |
| 1     | 0   | 0   | 1   | GET    | /posts?max_created_at=2016-01-02T11%3A46%3A23%2B09%3A00 | 7.336 | 7.336 | 7.336   | 7.336 | 7.336 |
| 1     | 0   | 0   | 1   | GET    | /@leanna                                                | 6.124 | 6.124 | 6.124   | 6.124 | 6.124 |
| 1     | 0   | 0   | 1   | GET    | /@gladys                                                | 4.984 | 4.984 | 4.984   | 4.984 | 4.984 |
| 1     | 0   | 0   | 1   | GET    | /@vanessa                                               | 4.784 | 4.784 | 4.784   | 4.784 | 4.784 |
| 1     | 0   | 0   | 1   | GET    | /@gilda                                                 | 4.732 | 4.732 | 4.732   | 4.732 | 4.732 |
| 1     | 0   | 0   | 1   | GET    | /@jenifer                                               | 4.708 | 4.708 | 4.708   | 4.708 | 4.708 |
| 1     | 0   | 0   | 1   | GET    | /@helena                                                | 4.676 | 4.676 | 4.676   | 4.676 | 4.676 |
| 1     | 0   | 0   | 1   | GET    | /@fanny                                                 | 4.540 | 4.540 | 4.540   | 4.540 | 4.540 |
| 1     | 0   | 0   | 1   | GET    | /@nichole                                               | 4.408 | 4.408 | 4.408   | 4.408 | 4.408 |
| 1     | 0   | 0   | 1   | GET    | /@sue                                                   | 4.404 | 4.404 | 4.404   | 4.404 | 4.404 |
| 1     | 0   | 0   | 1   | GET    | /@freida                                                | 4.252 | 4.252 | 4.252   | 4.252 | 4.252 |
| 1     | 0   | 0   | 1   | GET    | /@dorothy                                               | 4.064 | 4.064 | 4.064   | 4.064 | 4.064 |
| 1     | 0   | 0   | 1   | GET    | /@kerri                                                 | 3.972 | 3.972 | 3.972   | 3.972 | 3.972 |
| 1     | 0   | 0   | 1   | GET    | /@dona                                                  | 3.852 | 3.852 | 3.852   | 3.852 | 3.852 |
| 1     | 0   | 0   | 1   | GET    | /@lois                                                  | 3.840 | 3.840 | 3.840   | 3.840 | 3.840 |
| 1     | 0   | 0   | 1   | GET    | /@shawna                                                | 3.756 | 3.756 | 3.756   | 3.756 | 3.756 |
| 1     | 0   | 0   | 1   | GET    | /@rosario                                               | 3.608 | 3.608 | 3.608   | 3.608 | 3.608 |
| 1     | 0   | 0   | 1   | GET    | /@dolores                                               | 3.156 | 3.156 | 3.156   | 3.156 | 3.156 |
| 1     | 0   | 0   | 1   | GET    | /@leann                                                 | 2.900 | 2.900 | 2.900   | 2.900 | 2.900 |
| 1     | 0   | 0   | 1   | GET    | /@ora                                                   | 2.556 | 2.556 | 2.556   | 2.556 | 2.556 |
| 1     | 0   | 0   | 1   | GET    | /@theresa                                               | 2.468 | 2.468 | 2.468   | 2.468 | 2.468 |
| 2     | 0   | 0   | 2   | GET    | /@lynnette                                              | 0.880 | 0.996 | 1.876   | 0.938 | 0.996 |
| 1     | 0   | 0   | 1   | GET    | /@megan                                                 | 1.092 | 1.092 | 1.092   | 1.092 | 1.092 |
| 48    | 0   | 0   | 0   | POST   | /login                                                  | 0.016 | 0.064 | 0.864   | 0.018 | 0.040 |
| 2     | 0   | 0   | 2   | GET    | /posts/8849                                             | 0.332 | 0.452 | 0.784   | 0.392 | 0.452 |
| 1     | 0   | 0   | 1   | GET    | /@nell                                                  | 0.712 | 0.712 | 0.712   | 0.712 | 0.712 |
| 2     | 0   | 0   | 2   | GET    | /posts/3117                                             | 0.328 | 0.372 | 0.700   | 0.350 | 0.372 |
| 1     | 0   | 0   | 1   | GET    | /posts/8359                                             | 0.560 | 0.560 | 0.560   | 0.560 | 0.560 |
| 1     | 0   | 0   | 1   | GET    | /posts/625                                              | 0.524 | 0.524 | 0.524   | 0.524 | 0.524 |
| 1     | 0   | 0   | 1   | GET    | /posts/9378                                             | 0.476 | 0.476 | 0.476   | 0.476 | 0.476 |
| 1     | 0   | 0   | 1   | GET    | /posts/941                                              | 0.472 | 0.472 | 0.472   | 0.472 | 0.472 |
| 1     | 0   | 0   | 1   | GET    | /posts/10009                                            | 0.440 | 0.440 | 0.440   | 0.440 | 0.440 |
| 1     | 0   | 0   | 1   | GET    | /posts/6080                                             | 0.436 | 0.436 | 0.436   | 0.436 | 0.436 |
| 1     | 0   | 0   | 1   | GET    | /posts/2795                                             | 0.432 | 0.432 | 0.432   | 0.432 | 0.432 |
| 1     | 0   | 0   | 1   | GET    | /posts/4075                                             | 0.428 | 0.428 | 0.428   | 0.428 | 0.428 |
| 1     | 0   | 0   | 1   | GET    | /posts/4771                                             | 0.428 | 0.428 | 0.428   | 0.428 | 0.428 |
| 1     | 0   | 0   | 1   | GET    | /posts/6592                                             | 0.424 | 0.424 | 0.424   | 0.424 | 0.424 |
| 1     | 0   | 0   | 1   | GET    | /posts/5081                                             | 0.424 | 0.424 | 0.424   | 0.424 | 0.424 |
| 1     | 0   | 0   | 1   | GET    | /posts/9018                                             | 0.420 | 0.420 | 0.420   | 0.420 | 0.420 |
| 1     | 0   | 0   | 1   | GET    | /posts/8818                                             | 0.420 | 0.420 | 0.420   | 0.420 | 0.420 |
| 1     | 0   | 0   | 1   | GET    | /posts/7100                                             | 0.420 | 0.420 | 0.420   | 0.420 | 0.420 |
| 1     | 0   | 0   | 1   | GET    | /posts/5750                                             | 0.420 | 0.420 | 0.420   | 0.420 | 0.420 |
| 1     | 0   | 0   | 1   | GET    | /posts/1018                                             | 0.420 | 0.420 | 0.420   | 0.420 | 0.420 |
| 1     | 0   | 0   | 1   | GET    | /posts/7168                                             | 0.420 | 0.420 | 0.420   | 0.420 | 0.420 |
| 1     | 0   | 0   | 1   | GET    | /posts/7214                                             | 0.416 | 0.416 | 0.416   | 0.416 | 0.416 |
| 1     | 0   | 0   | 1   | GET    | /posts/10007                                            | 0.416 | 0.416 | 0.416   | 0.416 | 0.416 |
| 1     | 0   | 0   | 1   | GET    | /posts/695                                              | 0.412 | 0.412 | 0.412   | 0.412 | 0.412 |
| 1     | 0   | 0   | 1   | GET    | /posts/7473                                             | 0.412 | 0.412 | 0.412   | 0.412 | 0.412 |
| 1     | 0   | 0   | 1   | GET    | /posts/883                                              | 0.408 | 0.408 | 0.408   | 0.408 | 0.408 |
| 1     | 0   | 0   | 1   | GET    | /posts/2435                                             | 0.408 | 0.408 | 0.408   | 0.408 | 0.408 |
| 1     | 0   | 0   | 1   | GET    | /posts/6902                                             | 0.408 | 0.408 | 0.408   | 0.408 | 0.408 |
| 1     | 0   | 0   | 1   | GET    | /posts/10010                                            | 0.404 | 0.404 | 0.404   | 0.404 | 0.404 |
| 1     | 0   | 0   | 1   | GET    | /posts/1958                                             | 0.404 | 0.404 | 0.404   | 0.404 | 0.404 |
| 1     | 0   | 0   | 1   | GET    | /posts/4202                                             | 0.404 | 0.404 | 0.404   | 0.404 | 0.404 |
| 1     | 0   | 0   | 1   | GET    | /posts/3432                                             | 0.400 | 0.400 | 0.400   | 0.400 | 0.400 |
| 1     | 0   | 0   | 1   | GET    | /posts/7249                                             | 0.400 | 0.400 | 0.400   | 0.400 | 0.400 |
| 1     | 0   | 0   | 1   | GET    | /posts/8182                                             | 0.400 | 0.400 | 0.400   | 0.400 | 0.400 |
| 1     | 0   | 0   | 1   | GET    | /posts/3089                                             | 0.400 | 0.400 | 0.400   | 0.400 | 0.400 |
| 1     | 0   | 0   | 1   | GET    | /posts/7307                                             | 0.400 | 0.400 | 0.400   | 0.400 | 0.400 |
| 1     | 0   | 0   | 1   | GET    | /posts/6505                                             | 0.400 | 0.400 | 0.400   | 0.400 | 0.400 |
| 1     | 0   | 0   | 1   | GET    | /posts/9297                                             | 0.400 | 0.400 | 0.400   | 0.400 | 0.400 |
| 1     | 0   | 0   | 1   | GET    | /posts/7451                                             | 0.396 | 0.396 | 0.396   | 0.396 | 0.396 |
| 1     | 0   | 0   | 1   | GET    | /posts/5603                                             | 0.396 | 0.396 | 0.396   | 0.396 | 0.396 |
| 1     | 0   | 0   | 1   | GET    | /posts/6082                                             | 0.396 | 0.396 | 0.396   | 0.396 | 0.396 |
| 1     | 0   | 0   | 1   | GET    | /posts/9535                                             | 0.396 | 0.396 | 0.396   | 0.396 | 0.396 |
| 1     | 0   | 0   | 1   | GET    | /posts/2449                                             | 0.392 | 0.392 | 0.392   | 0.392 | 0.392 |
| 1     | 0   | 0   | 1   | GET    | /posts/1292                                             | 0.392 | 0.392 | 0.392   | 0.392 | 0.392 |
| 1     | 0   | 0   | 1   | GET    | /posts/760                                              | 0.392 | 0.392 | 0.392   | 0.392 | 0.392 |
| 1     | 0   | 0   | 1   | GET    | /posts/5153                                             | 0.392 | 0.392 | 0.392   | 0.392 | 0.392 |
| 1     | 0   | 0   | 1   | GET    | /posts/3804                                             | 0.392 | 0.392 | 0.392   | 0.392 | 0.392 |
| 1     | 0   | 0   | 1   | GET    | /posts/5799                                             | 0.388 | 0.388 | 0.388   | 0.388 | 0.388 |
| 1     | 0   | 0   | 1   | GET    | /posts/3762                                             | 0.388 | 0.388 | 0.388   | 0.388 | 0.388 |
| 1     | 0   | 0   | 1   | GET    | /posts/1519                                             | 0.388 | 0.388 | 0.388   | 0.388 | 0.388 |
| 1     | 0   | 0   | 1   | GET    | /posts/8616                                             | 0.388 | 0.388 | 0.388   | 0.388 | 0.388 |
| 1     | 0   | 0   | 1   | GET    | /posts/5384                                             | 0.384 | 0.384 | 0.384   | 0.384 | 0.384 |
| 1     | 0   | 0   | 1   | GET    | /posts/1558                                             | 0.384 | 0.384 | 0.384   | 0.384 | 0.384 |
| 1     | 0   | 0   | 1   | GET    | /posts/9209                                             | 0.384 | 0.384 | 0.384   | 0.384 | 0.384 |
| 1     | 0   | 0   | 1   | GET    | /posts/8211                                             | 0.384 | 0.384 | 0.384   | 0.384 | 0.384 |
| 1     | 0   | 0   | 1   | GET    | /posts/5463                                             | 0.380 | 0.380 | 0.380   | 0.380 | 0.380 |
| 1     | 0   | 0   | 1   | GET    | /posts/8035                                             | 0.380 | 0.380 | 0.380   | 0.380 | 0.380 |
| 1     | 0   | 0   | 1   | GET    | /posts/4443                                             | 0.380 | 0.380 | 0.380   | 0.380 | 0.380 |
| 1     | 0   | 0   | 1   | GET    | /posts/9848                                             | 0.380 | 0.380 | 0.380   | 0.380 | 0.380 |
| 1     | 0   | 0   | 1   | GET    | /posts/103                                              | 0.376 | 0.376 | 0.376   | 0.376 | 0.376 |
| 1     | 0   | 0   | 1   | GET    | /posts/3689                                             | 0.376 | 0.376 | 0.376   | 0.376 | 0.376 |
| 1     | 0   | 0   | 1   | GET    | /posts/5757                                             | 0.376 | 0.376 | 0.376   | 0.376 | 0.376 |
| 1     | 0   | 0   | 1   | GET    | /posts/8474                                             | 0.376 | 0.376 | 0.376   | 0.376 | 0.376 |
| 1     | 0   | 0   | 1   | GET    | /posts/2028                                             | 0.376 | 0.376 | 0.376   | 0.376 | 0.376 |
| 1     | 0   | 0   | 1   | GET    | /posts/2842                                             | 0.372 | 0.372 | 0.372   | 0.372 | 0.372 |
| 1     | 0   | 0   | 1   | GET    | /posts/5410                                             | 0.372 | 0.372 | 0.372   | 0.372 | 0.372 |
| 1     | 0   | 0   | 1   | GET    | /posts/854                                              | 0.372 | 0.372 | 0.372   | 0.372 | 0.372 |
| 1     | 0   | 0   | 1   | GET    | /posts/4485                                             | 0.372 | 0.372 | 0.372   | 0.372 | 0.372 |
| 1     | 0   | 0   | 1   | GET    | /posts/5425                                             | 0.372 | 0.372 | 0.372   | 0.372 | 0.372 |
| 1     | 0   | 0   | 1   | GET    | /posts/2635                                             | 0.372 | 0.372 | 0.372   | 0.372 | 0.372 |
| 1     | 0   | 0   | 1   | GET    | /posts/3359                                             | 0.372 | 0.372 | 0.372   | 0.372 | 0.372 |
| 1     | 0   | 0   | 1   | GET    | /posts/26                                               | 0.368 | 0.368 | 0.368   | 0.368 | 0.368 |
| 1     | 0   | 0   | 1   | GET    | /posts/1051                                             | 0.368 | 0.368 | 0.368   | 0.368 | 0.368 |
| 1     | 0   | 0   | 1   | GET    | /posts/5307                                             | 0.368 | 0.368 | 0.368   | 0.368 | 0.368 |
| 1     | 0   | 0   | 1   | GET    | /posts/525                                              | 0.368 | 0.368 | 0.368   | 0.368 | 0.368 |
| 1     | 0   | 0   | 1   | GET    | /posts/6253                                             | 0.368 | 0.368 | 0.368   | 0.368 | 0.368 |
| 1     | 0   | 0   | 1   | GET    | /posts/7961                                             | 0.368 | 0.368 | 0.368   | 0.368 | 0.368 |
| 1     | 0   | 0   | 1   | GET    | /posts/3610                                             | 0.364 | 0.364 | 0.364   | 0.364 | 0.364 |
| 1     | 0   | 0   | 1   | GET    | /posts/972                                              | 0.364 | 0.364 | 0.364   | 0.364 | 0.364 |
| 1     | 0   | 0   | 1   | GET    | /posts/806                                              | 0.364 | 0.364 | 0.364   | 0.364 | 0.364 |
| 1     | 0   | 0   | 1   | GET    | /posts/3399                                             | 0.364 | 0.364 | 0.364   | 0.364 | 0.364 |
| 1     | 0   | 0   | 1   | GET    | /posts/2516                                             | 0.364 | 0.364 | 0.364   | 0.364 | 0.364 |
| 1     | 0   | 0   | 1   | GET    | /posts/7389                                             | 0.364 | 0.364 | 0.364   | 0.364 | 0.364 |
| 1     | 0   | 0   | 1   | GET    | /posts/6791                                             | 0.364 | 0.364 | 0.364   | 0.364 | 0.364 |
| 1     | 0   | 0   | 1   | GET    | /posts/3844                                             | 0.364 | 0.364 | 0.364   | 0.364 | 0.364 |
| 1     | 0   | 0   | 1   | GET    | /posts/3391                                             | 0.360 | 0.360 | 0.360   | 0.360 | 0.360 |
| 1     | 0   | 0   | 1   | GET    | /posts/3971                                             | 0.360 | 0.360 | 0.360   | 0.360 | 0.360 |
| 1     | 0   | 0   | 1   | GET    | /posts/9033                                             | 0.360 | 0.360 | 0.360   | 0.360 | 0.360 |
| 1     | 0   | 0   | 1   | GET    | /posts/7310                                             | 0.360 | 0.360 | 0.360   | 0.360 | 0.360 |
| 1     | 0   | 0   | 1   | GET    | /posts/893                                              | 0.360 | 0.360 | 0.360   | 0.360 | 0.360 |
| 1     | 0   | 0   | 1   | GET    | /posts/2074                                             | 0.360 | 0.360 | 0.360   | 0.360 | 0.360 |
| 1     | 0   | 0   | 1   | GET    | /posts/7989                                             | 0.360 | 0.360 | 0.360   | 0.360 | 0.360 |
| 1     | 0   | 0   | 1   | GET    | /posts/4463                                             | 0.360 | 0.360 | 0.360   | 0.360 | 0.360 |
| 1     | 0   | 0   | 1   | GET    | /posts/5244                                             | 0.356 | 0.356 | 0.356   | 0.356 | 0.356 |
| 1     | 0   | 0   | 1   | GET    | /posts/384                                              | 0.356 | 0.356 | 0.356   | 0.356 | 0.356 |
| 1     | 0   | 0   | 1   | GET    | /posts/586                                              | 0.356 | 0.356 | 0.356   | 0.356 | 0.356 |
| 1     | 0   | 0   | 1   | GET    | /posts/2163                                             | 0.356 | 0.356 | 0.356   | 0.356 | 0.356 |
| 1     | 0   | 0   | 1   | GET    | /posts/1153                                             | 0.356 | 0.356 | 0.356   | 0.356 | 0.356 |
| 1     | 0   | 0   | 1   | GET    | /posts/2253                                             | 0.352 | 0.352 | 0.352   | 0.352 | 0.352 |
| 1     | 0   | 0   | 1   | GET    | /posts/6176                                             | 0.352 | 0.352 | 0.352   | 0.352 | 0.352 |
| 1     | 0   | 0   | 1   | GET    | /posts/6971                                             | 0.352 | 0.352 | 0.352   | 0.352 | 0.352 |
| 1     | 0   | 0   | 1   | GET    | /posts/426                                              | 0.352 | 0.352 | 0.352   | 0.352 | 0.352 |
| 1     | 0   | 0   | 1   | GET    | /posts/7922                                             | 0.352 | 0.352 | 0.352   | 0.352 | 0.352 |
| 1     | 0   | 0   | 1   | GET    | /posts/6196                                             | 0.352 | 0.352 | 0.352   | 0.352 | 0.352 |
| 1     | 0   | 0   | 1   | GET    | /posts/447                                              | 0.352 | 0.352 | 0.352   | 0.352 | 0.352 |
| 1     | 0   | 0   | 1   | GET    | /posts/863                                              | 0.352 | 0.352 | 0.352   | 0.352 | 0.352 |
| 1     | 0   | 0   | 1   | GET    | /posts/1472                                             | 0.348 | 0.348 | 0.348   | 0.348 | 0.348 |
| 1     | 0   | 0   | 1   | GET    | /posts/3469                                             | 0.348 | 0.348 | 0.348   | 0.348 | 0.348 |
| 1     | 0   | 0   | 1   | GET    | /posts/5432                                             | 0.348 | 0.348 | 0.348   | 0.348 | 0.348 |
| 1     | 0   | 0   | 1   | GET    | /posts/1915                                             | 0.348 | 0.348 | 0.348   | 0.348 | 0.348 |
| 1     | 0   | 0   | 1   | GET    | /posts/7402                                             | 0.348 | 0.348 | 0.348   | 0.348 | 0.348 |
| 1     | 0   | 0   | 1   | GET    | /posts/2952                                             | 0.348 | 0.348 | 0.348   | 0.348 | 0.348 |
| 1     | 0   | 0   | 1   | GET    | /posts/8448                                             | 0.348 | 0.348 | 0.348   | 0.348 | 0.348 |
| 1     | 0   | 0   | 1   | GET    | /posts/7669                                             | 0.344 | 0.344 | 0.344   | 0.344 | 0.344 |
| 1     | 0   | 0   | 1   | GET    | /posts/8953                                             | 0.344 | 0.344 | 0.344   | 0.344 | 0.344 |
| 1     | 0   | 0   | 1   | GET    | /posts/927                                              | 0.344 | 0.344 | 0.344   | 0.344 | 0.344 |
| 1     | 0   | 0   | 1   | GET    | /posts/3102                                             | 0.344 | 0.344 | 0.344   | 0.344 | 0.344 |
| 1     | 0   | 0   | 1   | GET    | /posts/9345                                             | 0.344 | 0.344 | 0.344   | 0.344 | 0.344 |
| 1     | 0   | 0   | 1   | GET    | /posts/7594                                             | 0.340 | 0.340 | 0.340   | 0.340 | 0.340 |
| 1     | 0   | 0   | 1   | GET    | /posts/1918                                             | 0.340 | 0.340 | 0.340   | 0.340 | 0.340 |
| 1     | 0   | 0   | 1   | GET    | /posts/3876                                             | 0.340 | 0.340 | 0.340   | 0.340 | 0.340 |
| 1     | 0   | 0   | 1   | GET    | /posts/5963                                             | 0.340 | 0.340 | 0.340   | 0.340 | 0.340 |
| 1     | 0   | 0   | 1   | GET    | /posts/5090                                             | 0.336 | 0.336 | 0.336   | 0.336 | 0.336 |
| 1     | 0   | 0   | 1   | GET    | /posts/1423                                             | 0.336 | 0.336 | 0.336   | 0.336 | 0.336 |
| 1     | 0   | 0   | 1   | GET    | /posts/2693                                             | 0.336 | 0.336 | 0.336   | 0.336 | 0.336 |
| 1     | 0   | 0   | 1   | GET    | /posts/7947                                             | 0.336 | 0.336 | 0.336   | 0.336 | 0.336 |
| 1     | 0   | 0   | 1   | GET    | /posts/3563                                             | 0.336 | 0.336 | 0.336   | 0.336 | 0.336 |
| 1     | 0   | 0   | 1   | GET    | /posts/7807                                             | 0.332 | 0.332 | 0.332   | 0.332 | 0.332 |
| 1     | 0   | 0   | 1   | GET    | /posts/522                                              | 0.332 | 0.332 | 0.332   | 0.332 | 0.332 |
| 1     | 0   | 0   | 1   | GET    | /posts/3397                                             | 0.332 | 0.332 | 0.332   | 0.332 | 0.332 |
| 1     | 0   | 0   | 1   | GET    | /posts/5039                                             | 0.332 | 0.332 | 0.332   | 0.332 | 0.332 |
| 48    | 0   | 0   | 48  | GET    | /image/9983.jpg                                         | 0.000 | 0.296 | 0.332   | 0.007 | 0.004 |
| 1     | 0   | 0   | 1   | GET    | /posts/3998                                             | 0.332 | 0.332 | 0.332   | 0.332 | 0.332 |
| 1     | 0   | 0   | 1   | GET    | /posts/8434                                             | 0.332 | 0.332 | 0.332   | 0.332 | 0.332 |
| 1     | 0   | 0   | 1   | GET    | /posts/4240                                             | 0.332 | 0.332 | 0.332   | 0.332 | 0.332 |
| 1     | 0   | 0   | 1   | GET    | /posts/260                                              | 0.328 | 0.328 | 0.328   | 0.328 | 0.328 |
| 1     | 0   | 0   | 1   | GET    | /posts/3868                                             | 0.328 | 0.328 | 0.328   | 0.328 | 0.328 |
| 1     | 0   | 0   | 1   | GET    | /posts/438                                              | 0.328 | 0.328 | 0.328   | 0.328 | 0.328 |
| 1     | 0   | 0   | 1   | GET    | /posts/973                                              | 0.324 | 0.324 | 0.324   | 0.324 | 0.324 |
| 1     | 0   | 0   | 1   | GET    | /posts/5004                                             | 0.324 | 0.324 | 0.324   | 0.324 | 0.324 |
| 1     | 0   | 0   | 1   | GET    | /posts/1156                                             | 0.324 | 0.324 | 0.324   | 0.324 | 0.324 |
| 1     | 0   | 0   | 1   | GET    | /posts/6394                                             | 0.324 | 0.324 | 0.324   | 0.324 | 0.324 |
| 1     | 0   | 0   | 1   | GET    | /posts/2761                                             | 0.320 | 0.320 | 0.320   | 0.320 | 0.320 |
| 1     | 0   | 0   | 1   | GET    | /posts/8959                                             | 0.320 | 0.320 | 0.320   | 0.320 | 0.320 |
| 1     | 0   | 0   | 1   | GET    | /posts/1949                                             | 0.320 | 0.320 | 0.320   | 0.320 | 0.320 |
| 1     | 0   | 0   | 1   | GET    | /posts/1513                                             | 0.316 | 0.316 | 0.316   | 0.316 | 0.316 |
| 1     | 0   | 0   | 1   | GET    | /posts/1678                                             | 0.316 | 0.316 | 0.316   | 0.316 | 0.316 |
| 1     | 0   | 0   | 1   | GET    | /posts/5214                                             | 0.316 | 0.316 | 0.316   | 0.316 | 0.316 |
| 1     | 0   | 0   | 1   | GET    | /posts/1830                                             | 0.316 | 0.316 | 0.316   | 0.316 | 0.316 |
| 1     | 0   | 0   | 1   | GET    | /posts/1116                                             | 0.312 | 0.312 | 0.312   | 0.312 | 0.312 |
| 1     | 0   | 0   | 1   | GET    | /posts/6198                                             | 0.312 | 0.312 | 0.312   | 0.312 | 0.312 |
| 1     | 0   | 0   | 1   | GET    | /posts/6193                                             | 0.312 | 0.312 | 0.312   | 0.312 | 0.312 |
| 1     | 0   | 0   | 1   | GET    | /posts/3574                                             | 0.312 | 0.312 | 0.312   | 0.312 | 0.312 |
| 1     | 0   | 0   | 1   | GET    | /posts/5583                                             | 0.308 | 0.308 | 0.308   | 0.308 | 0.308 |
| 1     | 0   | 0   | 1   | GET    | /posts/4529                                             | 0.308 | 0.308 | 0.308   | 0.308 | 0.308 |
| 1     | 0   | 0   | 1   | GET    | /posts/9967                                             | 0.308 | 0.308 | 0.308   | 0.308 | 0.308 |
| 1     | 0   | 0   | 1   | GET    | /posts/116                                              | 0.304 | 0.304 | 0.304   | 0.304 | 0.304 |
| 1     | 0   | 0   | 1   | GET    | /posts/2089                                             | 0.304 | 0.304 | 0.304   | 0.304 | 0.304 |
| 1     | 0   | 0   | 1   | GET    | /posts/7749                                             | 0.304 | 0.304 | 0.304   | 0.304 | 0.304 |
| 1     | 0   | 0   | 1   | GET    | /posts/7503                                             | 0.300 | 0.300 | 0.300   | 0.300 | 0.300 |
| 1     | 0   | 0   | 1   | GET    | /posts/5668                                             | 0.300 | 0.300 | 0.300   | 0.300 | 0.300 |
| 1     | 0   | 0   | 1   | GET    | /posts/817                                              | 0.300 | 0.300 | 0.300   | 0.300 | 0.300 |
| 1     | 0   | 0   | 1   | GET    | /posts/4429                                             | 0.296 | 0.296 | 0.296   | 0.296 | 0.296 |
| 1     | 0   | 0   | 1   | GET    | /posts/7753                                             | 0.296 | 0.296 | 0.296   | 0.296 | 0.296 |
| 1     | 0   | 0   | 1   | GET    | /posts/9619                                             | 0.292 | 0.292 | 0.292   | 0.292 | 0.292 |
| 1     | 0   | 0   | 1   | GET    | /posts/5142                                             | 0.292 | 0.292 | 0.292   | 0.292 | 0.292 |
| 1     | 0   | 0   | 1   | GET    | /posts/10008                                            | 0.284 | 0.284 | 0.284   | 0.284 | 0.284 |
| 1     | 0   | 0   | 1   | GET    | /posts/9558                                             | 0.284 | 0.284 | 0.284   | 0.284 | 0.284 |
| 1     | 0   | 0   | 1   | GET    | /posts/173                                              | 0.284 | 0.284 | 0.284   | 0.284 | 0.284 |
| 1     | 0   | 0   | 1   | GET    | /posts/4751                                             | 0.280 | 0.280 | 0.280   | 0.280 | 0.280 |
| 1     | 0   | 0   | 1   | GET    | /posts/7873                                             | 0.280 | 0.280 | 0.280   | 0.280 | 0.280 |
| 10    | 0   | 5   | 0   | POST   | /                                                       | 0.000 | 0.128 | 0.264   | 0.026 | 0.052 |
| 1     | 0   | 0   | 1   | GET    | /posts/7496                                             | 0.244 | 0.244 | 0.244   | 0.244 | 0.244 |
| 42    | 0   | 0   | 42  | GET    | /image/10000.png                                        | 0.004 | 0.028 | 0.236   | 0.006 | 0.008 |
| 43    | 0   | 0   | 43  | GET    | /image/10006.png                                        | 0.004 | 0.032 | 0.208   | 0.005 | 0.008 |
| 5     | 0   | 0   | 0   | POST   | /register                                               | 0.020 | 0.076 | 0.168   | 0.034 | 0.076 |
| 32    | 0   | 0   | 32  | GET    | /image/10007.png                                        | 0.000 | 0.020 | 0.160   | 0.005 | 0.012 |
| 42    | 0   | 0   | 42  | GET    | /image/9999.jpg                                         | 0.000 | 0.028 | 0.092   | 0.002 | 0.004 |
| 42    | 0   | 0   | 42  | GET    | /image/9998.jpg                                         | 0.000 | 0.032 | 0.088   | 0.002 | 0.004 |
| 222   | 0   | 0   | 222 | GET    | /css/style.css                                          | 0.000 | 0.004 | 0.084   | 0.000 | 0.000 |
| 44    | 0   | 0   | 44  | GET    | /image/9987.jpg                                         | 0.004 | 0.008 | 0.076   | 0.002 | 0.004 |
| 42    | 0   | 0   | 42  | GET    | /image/9996.jpg                                         | 0.000 | 0.016 | 0.072   | 0.002 | 0.004 |
| 1     | 0   | 0   | 1   | GET    | /initialize                                             | 0.068 | 0.068 | 0.068   | 0.068 | 0.068 |
| 6     | 0   | 0   | 0   | POST   | /comment                                                | 0.008 | 0.024 | 0.068   | 0.011 | 0.024 |
| 1     | 0   | 0   | 1   | GET    | /posts/9670                                             | 0.064 | 0.064 | 0.064   | 0.064 | 0.064 |
| 1     | 0   | 0   | 1   | GET    | /posts/10006                                            | 0.060 | 0.060 | 0.060   | 0.060 | 0.060 |
| 222   | 0   | 0   | 222 | GET    | /favicon.ico                                            | 0.000 | 0.004 | 0.056   | 0.000 | 0.000 |
| 222   | 0   | 0   | 222 | GET    | /js/timeago.min.js                                      | 0.000 | 0.008 | 0.052   | 0.000 | 0.000 |
| 222   | 0   | 0   | 222 | GET    | /js/main.js                                             | 0.000 | 0.004 | 0.052   | 0.000 | 0.000 |
| 42    | 0   | 0   | 42  | GET    | /image/9991.jpg                                         | 0.000 | 0.004 | 0.048   | 0.001 | 0.004 |
| 30    | 0   | 0   | 30  | GET    | /image/9981.jpg                                         | 0.000 | 0.016 | 0.044   | 0.001 | 0.004 |
| 42    | 0   | 0   | 42  | GET    | /image/9995.jpg                                         | 0.000 | 0.012 | 0.044   | 0.001 | 0.004 |
| 38    | 0   | 0   | 38  | GET    | /image/9982.jpg                                         | 0.004 | 0.004 | 0.044   | 0.001 | 0.004 |
| 43    | 0   | 0   | 43  | GET    | /image/9990.jpg                                         | 0.000 | 0.004 | 0.044   | 0.001 | 0.004 |
| 47    | 0   | 0   | 47  | GET    | /image/9985.jpg                                         | 0.000 | 0.008 | 0.044   | 0.001 | 0.004 |
| 44    | 0   | 0   | 44  | GET    | /image/9988.jpg                                         | 0.000 | 0.008 | 0.044   | 0.001 | 0.004 |
| 45    | 0   | 0   | 45  | GET    | /image/9986.jpg                                         | 0.000 | 0.004 | 0.036   | 0.001 | 0.004 |
| 44    | 0   | 0   | 44  | GET    | /image/9989.jpg                                         | 0.000 | 0.004 | 0.036   | 0.001 | 0.004 |
| 21    | 0   | 0   | 21  | GET    | /image/10008.jpg                                        | 0.000 | 0.016 | 0.036   | 0.002 | 0.004 |
| 42    | 0   | 0   | 42  | GET    | /image/9994.jpg                                         | 0.000 | 0.004 | 0.036   | 0.001 | 0.004 |
| 42    | 0   | 0   | 42  | GET    | /image/9997.jpg                                         | 0.004 | 0.004 | 0.032   | 0.001 | 0.004 |
| 2     | 0   | 0   | 2   | GET    | /image/9535.jpg                                         | 0.000 | 0.028 | 0.028   | 0.014 | 0.028 |
| 2     | 0   | 0   | 2   | GET    | /image/4463.jpg                                         | 0.000 | 0.028 | 0.028   | 0.014 | 0.028 |
| 2     | 0   | 0   | 2   | GET    | /image/9018.jpg                                         | 0.000 | 0.028 | 0.028   | 0.014 | 0.028 |
| 42    | 0   | 0   | 42  | GET    | /image/9993.jpg                                         | 0.004 | 0.004 | 0.024   | 0.001 | 0.004 |
| 2     | 0   | 0   | 2   | GET    | /image/103.jpg                                          | 0.024 | 0.024 | 0.024   | 0.012 | 0.024 |
| 2     | 0   | 0   | 2   | GET    | /image/9558.jpg                                         | 0.000 | 0.020 | 0.020   | 0.010 | 0.020 |
| 2     | 0   | 0   | 2   | GET    | /image/9619.jpg                                         | 0.004 | 0.016 | 0.020   | 0.010 | 0.016 |
| 8     | 0   | 0   | 8   | GET    | /image/9970.jpg                                         | 0.004 | 0.008 | 0.020   | 0.003 | 0.008 |
| 2     | 0   | 0   | 2   | GET    | /image/7594.jpg                                         | 0.000 | 0.020 | 0.020   | 0.010 | 0.020 |
| 2     | 0   | 0   | 2   | GET    | /image/7989.jpg                                         | 0.000 | 0.020 | 0.020   | 0.010 | 0.020 |
| 19    | 0   | 0   | 19  | GET    | /image/9980.jpg                                         | 0.000 | 0.004 | 0.020   | 0.001 | 0.004 |
| 8     | 0   | 0   | 8   | GET    | /image/9969.jpg                                         | 0.000 | 0.008 | 0.016   | 0.002 | 0.008 |
| 2     | 0   | 0   | 2   | GET    | /image/927.jpg                                          | 0.004 | 0.012 | 0.016   | 0.008 | 0.012 |
| 2     | 0   | 0   | 2   | GET    | /image/8616.jpg                                         | 0.000 | 0.016 | 0.016   | 0.008 | 0.016 |
| 2     | 0   | 0   | 2   | GET    | /image/8434.jpg                                         | 0.000 | 0.016 | 0.016   | 0.008 | 0.016 |
| 2     | 0   | 0   | 2   | GET    | /image/7753.jpg                                         | 0.000 | 0.016 | 0.016   | 0.008 | 0.016 |
| 4     | 0   | 0   | 4   | GET    | /image/8849.jpg                                         | 0.000 | 0.012 | 0.016   | 0.004 | 0.012 |
| 2     | 0   | 0   | 2   | GET    | /image/9848.jpg                                         | 0.000 | 0.012 | 0.012   | 0.006 | 0.012 |
| 8     | 0   | 0   | 8   | GET    | /image/9974.jpg                                         | 0.000 | 0.004 | 0.012   | 0.002 | 0.004 |
| 2     | 0   | 0   | 2   | GET    | /image/586.jpg                                          | 0.000 | 0.012 | 0.012   | 0.006 | 0.012 |
| 3     | 0   | 0   | 3   | GET    | /image/9963.jpg                                         | 0.004 | 0.008 | 0.012   | 0.004 | 0.008 |
| 2     | 0   | 0   | 2   | GET    | /image/8953.jpg                                         | 0.004 | 0.008 | 0.012   | 0.006 | 0.008 |
| 2     | 0   | 0   | 2   | GET    | /image/9345.jpg                                         | 0.000 | 0.012 | 0.012   | 0.006 | 0.012 |
| 2     | 0   | 0   | 2   | GET    | /image/8359.jpg                                         | 0.000 | 0.012 | 0.012   | 0.006 | 0.012 |
| 2     | 0   | 0   | 2   | GET    | /image/5384.png                                         | 0.004 | 0.008 | 0.012   | 0.006 | 0.008 |
| 2     | 0   | 0   | 2   | GET    | /image/6196.jpg                                         | 0.004 | 0.008 | 0.012   | 0.006 | 0.008 |
| 2     | 0   | 0   | 2   | GET    | /image/2693.jpg                                         | 0.004 | 0.004 | 0.008   | 0.004 | 0.004 |
| 2     | 0   | 0   | 2   | GET    | /image/4485.jpg                                         | 0.004 | 0.004 | 0.008   | 0.004 | 0.004 |
| 2     | 0   | 0   | 2   | GET    | /image/3762.jpg                                         | 0.000 | 0.008 | 0.008   | 0.004 | 0.008 |
| 2     | 0   | 0   | 2   | GET    | /image/9033.jpg                                         | 0.000 | 0.008 | 0.008   | 0.004 | 0.008 |
| 2     | 0   | 0   | 2   | GET    | /image/447.jpg                                          | 0.000 | 0.008 | 0.008   | 0.004 | 0.008 |
| 2     | 0   | 0   | 2   | GET    | /image/4240.jpg                                         | 0.004 | 0.004 | 0.008   | 0.004 | 0.004 |
| 2     | 0   | 0   | 2   | GET    | /image/8818.jpg                                         | 0.000 | 0.008 | 0.008   | 0.004 | 0.008 |
| 2     | 0   | 0   | 2   | GET    | /image/5799.jpg                                         | 0.004 | 0.004 | 0.008   | 0.004 | 0.004 |
| 2     | 0   | 0   | 2   | GET    | /image/2089.jpg                                         | 0.004 | 0.004 | 0.008   | 0.004 | 0.004 |
| 2     | 0   | 0   | 2   | GET    | /image/3574.jpg                                         | 0.004 | 0.004 | 0.008   | 0.004 | 0.004 |
| 8     | 0   | 0   | 8   | GET    | /image/9971.jpg                                         | 0.000 | 0.004 | 0.008   | 0.001 | 0.004 |
| 2     | 0   | 0   | 2   | GET    | /image/7310.jpg                                         | 0.004 | 0.004 | 0.008   | 0.004 | 0.004 |
| 2     | 0   | 0   | 2   | GET    | /image/8474.jpg                                         | 0.004 | 0.004 | 0.008   | 0.004 | 0.004 |
| 8     | 0   | 0   | 8   | GET    | /image/9979.jpg                                         | 0.000 | 0.004 | 0.008   | 0.001 | 0.004 |
| 2     | 0   | 0   | 2   | GET    | /image/2435.jpg                                         | 0.004 | 0.004 | 0.008   | 0.004 | 0.004 |
| 2     | 0   | 0   | 2   | GET    | /image/2028.jpg                                         | 0.000 | 0.008 | 0.008   | 0.004 | 0.008 |
| 2     | 0   | 0   | 2   | GET    | /image/760.jpg                                          | 0.004 | 0.004 | 0.008   | 0.004 | 0.004 |
| 2     | 0   | 0   | 2   | GET    | /image/1519.jpg                                         | 0.004 | 0.004 | 0.008   | 0.004 | 0.004 |
| 2     | 0   | 0   | 2   | GET    | /image/5004.gif                                         | 0.004 | 0.004 | 0.008   | 0.004 | 0.004 |
| 9     | 0   | 0   | 0   | GET    | /logout                                                 | 0.000 | 0.004 | 0.008   | 0.001 | 0.004 |
| 2     | 0   | 0   | 2   | GET    | /image/1678.jpg                                         | 0.004 | 0.004 | 0.008   | 0.004 | 0.004 |
| 4     | 0   | 0   | 4   | GET    | /image/3117.jpg                                         | 0.000 | 0.008 | 0.008   | 0.002 | 0.008 |
| 2     | 0   | 0   | 2   | GET    | /image/1558.jpg                                         | 0.008 | 0.008 | 0.008   | 0.004 | 0.008 |
| 2     | 0   | 0   | 2   | GET    | /image/6394.jpg                                         | 0.000 | 0.008 | 0.008   | 0.004 | 0.008 |
| 2     | 0   | 0   | 2   | GET    | /image/3689.jpg                                         | 0.004 | 0.004 | 0.008   | 0.004 | 0.004 |
| 2     | 0   | 0   | 2   | GET    | /image/7961.jpg                                         | 0.000 | 0.004 | 0.004   | 0.002 | 0.004 |
| 2     | 0   | 0   | 2   | GET    | /image/3391.jpg                                         | 0.004 | 0.004 | 0.004   | 0.002 | 0.004 |
| 11    | 0   | 0   | 11  | GET    | /image/10009.jpg                                        | 0.000 | 0.004 | 0.004   | 0.000 | 0.000 |
| 2     | 0   | 0   | 2   | GET    | /image/438.jpg                                          | 0.000 | 0.004 | 0.004   | 0.002 | 0.004 |
| 2     | 0   | 0   | 2   | GET    | /image/863.jpg                                          | 0.000 | 0.004 | 0.004   | 0.002 | 0.004 |
| 2     | 0   | 0   | 2   | GET    | /image/625.jpg                                          | 0.004 | 0.004 | 0.004   | 0.002 | 0.004 |
| 2     | 0   | 0   | 2   | GET    | /image/2516.jpg                                         | 0.000 | 0.004 | 0.004   | 0.002 | 0.004 |
| 2     | 0   | 0   | 2   | GET    | /image/8448.jpg                                         | 0.000 | 0.004 | 0.004   | 0.002 | 0.004 |
| 2     | 0   | 0   | 2   | GET    | /image/7749.jpg                                         | 0.000 | 0.004 | 0.004   | 0.002 | 0.004 |
| 2     | 0   | 0   | 2   | GET    | /image/8035.jpg                                         | 0.000 | 0.004 | 0.004   | 0.002 | 0.004 |
| 2     | 0   | 0   | 2   | GET    | /image/6198.jpg                                         | 0.004 | 0.004 | 0.004   | 0.002 | 0.004 |
| 2     | 0   | 0   | 2   | GET    | /image/806.jpg                                          | 0.004 | 0.004 | 0.004   | 0.002 | 0.004 |
| 2     | 0   | 0   | 2   | GET    | /image/4202.jpg                                         | 0.000 | 0.004 | 0.004   | 0.002 | 0.004 |
| 2     | 0   | 0   | 2   | GET    | /image/7669.jpg                                         | 0.004 | 0.004 | 0.004   | 0.002 | 0.004 |
| 2     | 0   | 0   | 2   | GET    | /image/4075.jpg                                         | 0.000 | 0.004 | 0.004   | 0.002 | 0.004 |
| 2     | 0   | 0   | 2   | GET    | /image/1958.jpg                                         | 0.000 | 0.004 | 0.004   | 0.002 | 0.004 |
| 2     | 0   | 0   | 2   | GET    | /image/525.jpg                                          | 0.000 | 0.004 | 0.004   | 0.002 | 0.004 |
| 18    | 0   | 0   | 18  | GET    | /login                                                  | 0.000 | 0.004 | 0.004   | 0.000 | 0.000 |
| 2     | 0   | 0   | 2   | GET    | /image/695.jpg                                          | 0.004 | 0.004 | 0.004   | 0.002 | 0.004 |
| 5     | 0   | 5   | 0   | GET    | /admin/banned                                           | 0.000 | 0.004 | 0.004   | 0.001 | 0.004 |
| 2     | 0   | 0   | 2   | GET    | /image/1292.jpg                                         | 0.000 | 0.004 | 0.004   | 0.002 | 0.004 |
| 2     | 0   | 0   | 2   | GET    | /image/2952.jpg                                         | 0.000 | 0.004 | 0.004   | 0.002 | 0.004 |
| 2     | 0   | 0   | 2   | GET    | /image/3102.jpg                                         | 0.004 | 0.004 | 0.004   | 0.002 | 0.004 |
| 2     | 0   | 0   | 2   | GET    | /image/3397.jpg                                         | 0.000 | 0.004 | 0.004   | 0.002 | 0.004 |
| 2     | 0   | 0   | 2   | GET    | /image/5463.jpg                                         | 0.000 | 0.004 | 0.004   | 0.002 | 0.004 |
| 2     | 0   | 0   | 2   | GET    | /image/4429.jpg                                         | 0.000 | 0.004 | 0.004   | 0.002 | 0.004 |
| 2     | 0   | 0   | 2   | GET    | /image/941.jpg                                          | 0.000 | 0.004 | 0.004   | 0.002 | 0.004 |
| 2     | 0   | 0   | 2   | GET    | /image/9209.jpg                                         | 0.004 | 0.004 | 0.004   | 0.002 | 0.004 |
| 2     | 0   | 0   | 2   | GET    | /image/5583.jpg                                         | 0.004 | 0.004 | 0.004   | 0.002 | 0.004 |
| 2     | 0   | 0   | 2   | GET    | /image/7214.jpg                                         | 0.000 | 0.004 | 0.004   | 0.002 | 0.004 |
| 2     | 0   | 0   | 2   | GET    | /image/3804.jpg                                         | 0.004 | 0.004 | 0.004   | 0.002 | 0.004 |
| 2     | 0   | 0   | 2   | GET    | /image/883.jpg                                          | 0.000 | 0.004 | 0.004   | 0.002 | 0.004 |
| 2     | 0   | 0   | 2   | GET    | /image/384.jpg                                          | 0.004 | 0.004 | 0.004   | 0.002 | 0.004 |
| 2     | 0   | 0   | 2   | GET    | /image/1018.jpg                                         | 0.000 | 0.004 | 0.004   | 0.002 | 0.004 |
| 2     | 0   | 0   | 2   | GET    | /image/3399.jpg                                         | 0.000 | 0.004 | 0.004   | 0.002 | 0.004 |
| 2     | 0   | 0   | 2   | GET    | /image/426.jpg                                          | 0.004 | 0.004 | 0.004   | 0.002 | 0.004 |
| 2     | 0   | 0   | 2   | GET    | /image/4771.jpg                                         | 0.004 | 0.004 | 0.004   | 0.002 | 0.004 |
| 2     | 0   | 0   | 2   | GET    | /image/173.jpg                                          | 0.000 | 0.004 | 0.004   | 0.002 | 0.004 |
| 2     | 0   | 0   | 2   | GET    | /image/5307.jpg                                         | 0.000 | 0.004 | 0.004   | 0.002 | 0.004 |
| 2     | 0   | 0   | 2   | GET    | /image/9961.jpg                                         | 0.004 | 0.004 | 0.004   | 0.002 | 0.004 |
| 2     | 0   | 0   | 2   | GET    | /image/5214.jpg                                         | 0.004 | 0.004 | 0.004   | 0.002 | 0.004 |
| 2     | 0   | 0   | 2   | GET    | /image/5039.jpg                                         | 0.000 | 0.004 | 0.004   | 0.002 | 0.004 |
| 2     | 0   | 0   | 2   | GET    | /image/3998.jpg                                         | 0.000 | 0.004 | 0.004   | 0.002 | 0.004 |
| 2     | 0   | 0   | 2   | GET    | /image/3610.jpg                                         | 0.000 | 0.004 | 0.004   | 0.002 | 0.004 |
| 2     | 0   | 0   | 2   | GET    | /image/9962.jpg                                         | 0.000 | 0.004 | 0.004   | 0.002 | 0.004 |
| 6     | 0   | 0   | 6   | GET    | /image/9965.jpg                                         | 0.000 | 0.004 | 0.004   | 0.001 | 0.004 |
| 2     | 0   | 0   | 2   | GET    | /image/1472.jpg                                         | 0.000 | 0.004 | 0.004   | 0.002 | 0.004 |
| 2     | 0   | 0   | 2   | GET    | /image/3089.jpg                                         | 0.004 | 0.004 | 0.004   | 0.002 | 0.004 |
| 2     | 0   | 0   | 2   | GET    | /image/3432.jpg                                         | 0.000 | 0.004 | 0.004   | 0.002 | 0.004 |
| 2     | 0   | 0   | 2   | GET    | /image/4443.jpg                                         | 0.000 | 0.004 | 0.004   | 0.002 | 0.004 |
| 2     | 0   | 0   | 2   | GET    | /image/6505.jpg                                         | 0.000 | 0.004 | 0.004   | 0.002 | 0.004 |
| 2     | 0   | 0   | 2   | GET    | /image/5963.jpg                                         | 0.000 | 0.004 | 0.004   | 0.002 | 0.004 |
| 2     | 0   | 0   | 2   | GET    | /image/5668.jpg                                         | 0.000 | 0.004 | 0.004   | 0.002 | 0.004 |
| 2     | 0   | 0   | 2   | GET    | /image/1918.jpg                                         | 0.000 | 0.004 | 0.004   | 0.002 | 0.004 |
| 2     | 0   | 0   | 2   | GET    | /image/7389.jpg                                         | 0.004 | 0.004 | 0.004   | 0.002 | 0.004 |
| 2     | 0   | 0   | 2   | GET    | /image/7249.jpg                                         | 0.000 | 0.004 | 0.004   | 0.002 | 0.004 |
| 2     | 0   | 0   | 2   | GET    | /image/6902.jpg                                         | 0.000 | 0.004 | 0.004   | 0.002 | 0.004 |
| 2     | 0   | 0   | 2   | GET    | /image/5757.jpg                                         | 0.000 | 0.004 | 0.004   | 0.002 | 0.004 |
| 2     | 0   | 0   | 2   | GET    | /image/5090.jpg                                         | 0.004 | 0.004 | 0.004   | 0.002 | 0.004 |
| 2     | 0   | 0   | 2   | GET    | /image/893.jpg                                          | 0.004 | 0.004 | 0.004   | 0.002 | 0.004 |
| 2     | 0   | 0   | 2   | GET    | /image/854.jpg                                          | 0.000 | 0.004 | 0.004   | 0.002 | 0.004 |
| 2     | 0   | 0   | 2   | GET    | /image/260.jpg                                          | 0.000 | 0.004 | 0.004   | 0.002 | 0.004 |
| 2     | 0   | 0   | 2   | GET    | /image/2761.jpg                                         | 0.000 | 0.004 | 0.004   | 0.002 | 0.004 |
| 2     | 0   | 0   | 2   | GET    | /image/1513.jpg                                         | 0.004 | 0.004 | 0.004   | 0.002 | 0.004 |
| 2     | 0   | 0   | 2   | GET    | /image/817.jpg                                          | 0.004 | 0.004 | 0.004   | 0.002 | 0.004 |
| 2     | 0   | 0   | 2   | GET    | /image/1156.jpg                                         | 0.000 | 0.004 | 0.004   | 0.002 | 0.004 |
| 2     | 0   | 0   | 2   | GET    | /image/1830.jpg                                         | 0.000 | 0.004 | 0.004   | 0.002 | 0.004 |
| 2     | 0   | 0   | 2   | GET    | /image/522.jpg                                          | 0.000 | 0.004 | 0.004   | 0.002 | 0.004 |
| 2     | 0   | 0   | 2   | GET    | /image/3868.jpg                                         | 0.000 | 0.004 | 0.004   | 0.002 | 0.004 |
| 2     | 0   | 0   | 2   | GET    | /image/4751.jpg                                         | 0.004 | 0.004 | 0.004   | 0.002 | 0.004 |
| 2     | 0   | 0   | 2   | GET    | /image/5750.jpg                                         | 0.000 | 0.004 | 0.004   | 0.002 | 0.004 |
| 2     | 0   | 0   | 2   | GET    | /image/6253.jpg                                         | 0.000 | 0.004 | 0.004   | 0.002 | 0.004 |
| 2     | 0   | 0   | 2   | GET    | /image/6080.jpg                                         | 0.004 | 0.004 | 0.004   | 0.002 | 0.004 |
| 2     | 0   | 0   | 2   | GET    | /image/7473.jpg                                         | 0.000 | 0.004 | 0.004   | 0.002 | 0.004 |
| 2     | 0   | 0   | 2   | GET    | /image/1116.jpg                                         | 0.000 | 0.004 | 0.004   | 0.002 | 0.004 |
| 2     | 0   | 0   | 2   | GET    | /image/8182.jpg                                         | 0.000 | 0.004 | 0.004   | 0.002 | 0.004 |
| 6     | 0   | 0   | 6   | GET    | /image/9967.jpg                                         | 0.000 | 0.004 | 0.004   | 0.001 | 0.004 |
| 7     | 0   | 0   | 7   | GET    | /image/9968.jpg                                         | 0.000 | 0.004 | 0.004   | 0.001 | 0.004 |
| 8     | 0   | 0   | 8   | GET    | /image/9975.jpg                                         | 0.000 | 0.004 | 0.004   | 0.001 | 0.004 |
| 2     | 0   | 0   | 2   | GET    | /image/9297.jpg                                         | 0.000 | 0.004 | 0.004   | 0.002 | 0.004 |
| 2     | 0   | 0   | 2   | GET    | /image/7873.jpg                                         | 0.000 | 0.004 | 0.004   | 0.002 | 0.004 |
| 2     | 0   | 0   | 2   | GET    | /image/7307.jpg                                         | 0.000 | 0.004 | 0.004   | 0.002 | 0.004 |
| 2     | 0   | 0   | 2   | GET    | /image/6082.jpg                                         | 0.000 | 0.004 | 0.004   | 0.002 | 0.004 |
| 2     | 0   | 0   | 2   | GET    | /image/6176.jpg                                         | 0.000 | 0.004 | 0.004   | 0.002 | 0.004 |
| 2     | 0   | 0   | 2   | GET    | /image/5410.jpg                                         | 0.000 | 0.004 | 0.004   | 0.002 | 0.004 |
| 2     | 0   | 0   | 2   | GET    | /image/5244.jpg                                         | 0.004 | 0.004 | 0.004   | 0.002 | 0.004 |
| 2     | 0   | 0   | 2   | GET    | /image/4529.jpg                                         | 0.000 | 0.004 | 0.004   | 0.002 | 0.004 |
| 2     | 0   | 0   | 2   | GET    | /image/116.jpg                                          | 0.000 | 0.004 | 0.004   | 0.002 | 0.004 |
| 2     | 0   | 0   | 2   | GET    | /image/3971.jpg                                         | 0.000 | 0.004 | 0.004   | 0.002 | 0.004 |
| 2     | 0   | 0   | 2   | GET    | /image/3359.jpg                                         | 0.004 | 0.004 | 0.004   | 0.002 | 0.004 |
| 2     | 0   | 0   | 2   | GET    | /image/2074.jpg                                         | 0.000 | 0.000 | 0.000   | 0.000 | 0.000 |
| 2     | 0   | 0   | 2   | GET    | /image/7807.jpg                                         | 0.000 | 0.000 | 0.000   | 0.000 | 0.000 |
| 2     | 0   | 0   | 2   | GET    | /image/7503.jpg                                         | 0.000 | 0.000 | 0.000   | 0.000 | 0.000 |
| 5     | 0   | 0   | 5   | GET    | /image/9964.jpg                                         | 0.000 | 0.000 | 0.000   | 0.000 | 0.000 |
| 2     | 0   | 0   | 2   | GET    | /image/7451.jpg                                         | 0.000 | 0.000 | 0.000   | 0.000 | 0.000 |
| 8     | 0   | 0   | 8   | GET    | /image/9973.jpg                                         | 0.000 | 0.000 | 0.000   | 0.000 | 0.000 |
| 1     | 0   | 0   | 1   | GET    | /image/10010.jpg                                        | 0.000 | 0.000 | 0.000   | 0.000 | 0.000 |
| 8     | 0   | 0   | 8   | GET    | /image/9972.jpg                                         | 0.000 | 0.000 | 0.000   | 0.000 | 0.000 |
| 8     | 0   | 0   | 8   | GET    | /image/9976.jpg                                         | 0.000 | 0.000 | 0.000   | 0.000 | 0.000 |
| 8     | 0   | 0   | 8   | GET    | /image/9977.jpg                                         | 0.000 | 0.000 | 0.000   | 0.000 | 0.000 |
| 2     | 0   | 0   | 2   | GET    | /image/973.jpg                                          | 0.000 | 0.000 | 0.000   | 0.000 | 0.000 |
| 2     | 0   | 0   | 2   | GET    | /image/1949.jpg                                         | 0.000 | 0.000 | 0.000   | 0.000 | 0.000 |
| 2     | 0   | 0   | 2   | GET    | /image/5425.jpg                                         | 0.000 | 0.000 | 0.000   | 0.000 | 0.000 |
| 2     | 0   | 0   | 2   | GET    | /image/7100.jpg                                         | 0.000 | 0.000 | 0.000   | 0.000 | 0.000 |
| 2     | 0   | 0   | 2   | GET    | /image/5081.jpg                                         | 0.000 | 0.000 | 0.000   | 0.000 | 0.000 |
| 2     | 0   | 0   | 2   | GET    | /image/3563.jpg                                         | 0.000 | 0.000 | 0.000   | 0.000 | 0.000 |
| 2     | 0   | 0   | 2   | GET    | /image/5432.jpg                                         | 0.000 | 0.000 | 0.000   | 0.000 | 0.000 |
| 2     | 0   | 0   | 2   | GET    | /image/2635.jpg                                         | 0.000 | 0.000 | 0.000   | 0.000 | 0.000 |
| 2     | 0   | 0   | 2   | GET    | /image/7922.jpg                                         | 0.000 | 0.000 | 0.000   | 0.000 | 0.000 |
| 2     | 0   | 0   | 2   | GET    | /image/972.jpg                                          | 0.000 | 0.000 | 0.000   | 0.000 | 0.000 |
| 6     | 0   | 0   | 6   | GET    | /image/9966.jpg                                         | 0.000 | 0.000 | 0.000   | 0.000 | 0.000 |
| 2     | 0   | 0   | 2   | GET    | /image/5603.jpg                                         | 0.000 | 0.000 | 0.000   | 0.000 | 0.000 |
| 2     | 0   | 0   | 2   | GET    | /image/6592.jpg                                         | 0.000 | 0.000 | 0.000   | 0.000 | 0.000 |
| 2     | 0   | 0   | 2   | GET    | /image/6193.jpg                                         | 0.000 | 0.000 | 0.000   | 0.000 | 0.000 |
| 2     | 0   | 0   | 2   | GET    | /image/6791.jpg                                         | 0.000 | 0.000 | 0.000   | 0.000 | 0.000 |
| 2     | 0   | 0   | 2   | GET    | /image/6971.jpg                                         | 0.000 | 0.000 | 0.000   | 0.000 | 0.000 |
| 2     | 0   | 0   | 2   | GET    | /image/3876.jpg                                         | 0.000 | 0.000 | 0.000   | 0.000 | 0.000 |
| 2     | 0   | 0   | 2   | GET    | /image/2795.jpg                                         | 0.000 | 0.000 | 0.000   | 0.000 | 0.000 |
| 2     | 0   | 0   | 2   | GET    | /image/5142.jpg                                         | 0.000 | 0.000 | 0.000   | 0.000 | 0.000 |
| 2     | 0   | 0   | 2   | GET    | /image/1051.jpg                                         | 0.000 | 0.000 | 0.000   | 0.000 | 0.000 |
| 2     | 0   | 0   | 2   | GET    | /image/2842.jpg                                         | 0.000 | 0.000 | 0.000   | 0.000 | 0.000 |
| 2     | 0   | 0   | 2   | GET    | /image/2253.jpg                                         | 0.000 | 0.000 | 0.000   | 0.000 | 0.000 |
| 2     | 0   | 0   | 2   | GET    | /image/26.jpg                                           | 0.000 | 0.000 | 0.000   | 0.000 | 0.000 |
| 2     | 0   | 0   | 2   | GET    | /image/1153.jpg                                         | 0.000 | 0.000 | 0.000   | 0.000 | 0.000 |
| 2     | 0   | 0   | 2   | GET    | /image/2449.jpg                                         | 0.000 | 0.000 | 0.000   | 0.000 | 0.000 |
| 2     | 0   | 0   | 2   | GET    | /image/3469.jpg                                         | 0.000 | 0.000 | 0.000   | 0.000 | 0.000 |
| 2     | 0   | 0   | 2   | GET    | /image/2163.jpg                                         | 0.000 | 0.000 | 0.000   | 0.000 | 0.000 |
| 2     | 0   | 0   | 2   | GET    | /image/3844.jpg                                         | 0.000 | 0.000 | 0.000   | 0.000 | 0.000 |
| 2     | 0   | 0   | 2   | GET    | /image/7947.jpg                                         | 0.000 | 0.000 | 0.000   | 0.000 | 0.000 |
| 2     | 0   | 0   | 2   | GET    | /image/7402.jpg                                         | 0.000 | 0.000 | 0.000   | 0.000 | 0.000 |
| 2     | 0   | 0   | 2   | GET    | /image/5153.jpg                                         | 0.000 | 0.000 | 0.000   | 0.000 | 0.000 |
| 2     | 0   | 0   | 2   | GET    | /image/1915.jpg                                         | 0.000 | 0.000 | 0.000   | 0.000 | 0.000 |
| 2     | 0   | 0   | 2   | GET    | /image/1423.jpg                                         | 0.000 | 0.000 | 0.000   | 0.000 | 0.000 |
| 2     | 0   | 0   | 2   | GET    | /image/7168.jpg                                         | 0.000 | 0.000 | 0.000   | 0.000 | 0.000 |
+-------+-----+-----+-----+--------+---------------------------------------------------------+-------+-------+---------+-------+-------+
